<?xml version="1.0" encoding="UTF-8"?>
<!-- Generated by org.testng.reporters.JUnitReportReporter -->
<testsuite hostname="DESKTOP-13SUBF4" name="TestCases.AmazonTest" tests="2" failures="0" timestamp="10 Feb 2016 22:32:42 GMT" time="31.770" errors="0">
  <testcase name="SearchBox" time="21.882" classname="TestCases.AmazonTest"/>
  <testcase name="Login" time="9.888" classname="TestCases.AmazonTest"/>
</testsuite> <!-- TestCases.AmazonTest -->
